<?xml version="1.0" encoding="UTF-8"?>
<!-- Generated by org.testng.reporters.JUnitXMLReporter -->
<testsuite ignored="0" hostname="OSPL-BV-L58" failures="0" tests="3" name="Test" time="39.796" errors="0" timestamp="2021-07-13T18:03:18 IST">
  <testcase classname="stringProg.SideMenuTestNG" name="verifyPageTitleTest" time="6.727"/>
  <testcase classname="stringProg.SideMenuTestNG" name="verifyPageTitleTest1" time="15.5"/>
  <testcase classname="stringProg.SideMenuTestNG" name="verifyPageTitleTest2" time="17.526"/>
</testsuite> <!-- Test -->
